
> congress-tracker-frontend@0.1.0 dev
> next dev -p 3000

   ▲ Next.js 15.1.11
   - Local:        http://localhost:3000
   - Network:      http://172.18.208.1:3000
   - Environments: .env.local

 ✓ Starting...
 ✓ Ready in 3s
 ○ Compiling /ticker/[symbol] ...
 ✓ Compiled /ticker/[symbol] in 4.1s (666 modules)
[feed] GET http://localhost:8080/api/events?symbol=LMT&recent_days=365&limit=100&enrich_prices=1
 GET /ticker/LMT 200 in 7112ms
[feed] GET http://localhost:8080/api/events?symbol=LMT&recent_days=365&limit=100&enrich_prices=1
 GET /ticker/LMT 200 in 314ms
[feed] GET http://localhost:8080/api/events?symbol=LMT&recent_days=365&limit=100&enrich_prices=1
 GET /ticker/LMT 200 in 1196ms
[feed] GET http://localhost:8080/api/events?symbol=LMT&recent_days=365&limit=100&enrich_prices=1
 GET /ticker/LMT 200 in 173ms
 ✓ Compiled in 4.8s (680 modules)
[feed] GET http://localhost:8080/api/events?symbol=LMT&recent_days=365&limit=100&enrich_prices=1
 GET /ticker/LMT 200 in 1218ms
[feed] GET http://localhost:8080/api/events?symbol=LMT&recent_days=365&limit=100&enrich_prices=1
 GET /ticker/LMT 200 in 147ms
[feed] GET http://localhost:8080/api/events?symbol=LMT&recent_days=365&limit=100&enrich_prices=1
 GET /ticker/LMT 200 in 681ms
[feed] GET http://localhost:8080/api/events?symbol=LMT&recent_days=365&limit=100&enrich_prices=1
 GET /ticker/LMT?lookback=365&source=congress&side=all 200 in 88ms
[feed] GET http://localhost:8080/api/events?symbol=LMT&recent_days=365&limit=100&enrich_prices=1
 GET /ticker/LMT?lookback=365&source=all&side=all 200 in 86ms
[feed] GET http://localhost:8080/api/events?symbol=LMT&recent_days=365&limit=100&enrich_prices=1
 GET /ticker/LMT?lookback=365&source=insider&side=all 200 in 70ms
[feed] GET http://localhost:8080/api/events?symbol=LMT&recent_days=365&limit=100&enrich_prices=1
 GET /ticker/LMT?lookback=365&source=all&side=all 200 in 84ms
[feed] GET http://localhost:8080/api/events?symbol=LMT&recent_days=365&limit=100&enrich_prices=1
 GET /ticker/LMT?lookback=365&source=all&side=all 200 in 561ms
[feed] GET http://localhost:8080/api/events?symbol=LMT&recent_days=365&limit=100&enrich_prices=1
 GET /ticker/LMT?lookback=365&source=all&side=all 200 in 534ms
[feed] GET http://localhost:8080/api/events?symbol=LMT&recent_days=365&limit=100&enrich_prices=1
 GET /ticker/LMT 200 in 2190ms
 ✓ Compiled in 2.8s (680 modules)
 ✓ Compiled in 1521ms (680 modules)
 GET /ticker/LMT 200 in 2297ms
 ○ Compiling /screener ...
 ✓ Compiled /screener in 5.2s (860 modules)
 GET /insights 200 in 5782ms
 GET /?mode=all 200 in 5785ms
 GET /screener 200 in 5842ms
 ○ Compiling /backtesting ...
 ✓ Compiled /backtesting in 2.1s (793 modules)
 ✓ Compiled (779 modules)
 GET /backtesting 200 in 3106ms
 GET /signals 200 in 3387ms
 GET /leaderboards/congress-traders 200 in 3390ms
 GET /_next/static/chunks/app-pages-internals.js 404 in 3105ms
[feed] GET http://localhost:8080/api/events?symbol=LMT&recent_days=365&limit=100&enrich_prices=1
 GET /_next/static/css/app/layout.css?v=1777242844392 404 in 327ms
 GET /_next/static/chunks/app-pages-internals.js 404 in 411ms
 GET /_next/static/chunks/main-app.js?v=1777242844392 404 in 426ms
 GET /_next/static/chunks/app/ticker/%5Bsymbol%5D/page.js 404 in 410ms
 GET /_next/static/chunks/app/loading.js 404 in 95ms
 GET /ticker/LMT 200 in 1323ms
 ✓ Compiled in 1855ms (715 modules)
 ✓ Compiled in 777ms (351 modules)
 ✓ Compiled in 727ms (351 modules)
 ✓ Compiled in 836ms (351 modules)
 ✓ Compiled in 1118ms (351 modules)
 ✓ Compiled in 814ms (351 modules)
 ✓ Compiled in 1146ms (351 modules)
 ✓ Compiled in 547ms (351 modules)
 ✓ Compiled in 1157ms (351 modules)
 ✓ Compiled in 2s (715 modules)
 ✓ Compiled in 1485ms (715 modules)
 ✓ Compiled in 1163ms (715 modules)
 ✓ Compiled in 1977ms (715 modules)
 ✓ Compiled in 1146ms (715 modules)
 ✓ Compiled in 1275ms (715 modules)
 ✓ Compiled in 1132ms (715 modules)
 ✓ Compiled in 1563ms (715 modules)
 ✓ Compiled in 1689ms (715 modules)
 ✓ Compiled in 846ms (351 modules)
 ✓ Compiled in 571ms (351 modules)
 ✓ Compiled in 445ms (351 modules)
 ✓ Compiled in 666ms (351 modules)
 ✓ Compiled in 612ms (351 modules)
 ✓ Compiled in 478ms (351 modules)
 ✓ Compiled in 650ms (351 modules)
 ✓ Compiled in 2.8s (715 modules)
 ✓ Compiled in 1760ms (715 modules)
 ✓ Compiled in 2.8s (715 modules)
 ✓ Compiled in 3.1s (715 modules)
 ✓ Compiled in 2.8s (715 modules)
